<?xml version="1.0" encoding="UTF-8"?>
<testng-results ignored="0" total="4" passed="4" failed="0" skipped="0">
  <reporter-output>
  </reporter-output>
  <suite started-at="2022-10-31T20:33:12 IST" name="Default suite" finished-at="2022-10-31T20:34:05 IST" duration-ms="52881">
    <groups>
    </groups>
    <test started-at="2022-10-31T20:33:12 IST" name="Default test" finished-at="2022-10-31T20:34:05 IST" duration-ms="52881">
      <class name="com.automationproject.testngsessions.OrangeHrmTest3">
        <test-method is-config="true" signature="lauchBrowser()[pri:0, instance:com.automationproject.testngsessions.OrangeHrmTest3@f5acb9d]" started-at="2022-10-31T20:33:12 IST" name="lauchBrowser" finished-at="2022-10-31T20:33:14 IST" duration-ms="2196" status="PASS">
          <reporter-output>
          </reporter-output>
        </test-method> <!-- lauchBrowser -->
        <test-method is-config="true" signature="launchUrl()[pri:0, instance:com.automationproject.testngsessions.OrangeHrmTest3@f5acb9d]" started-at="2022-10-31T20:33:14 IST" name="launchUrl" finished-at="2022-10-31T20:33:18 IST" duration-ms="3645" status="PASS">
          <reporter-output>
          </reporter-output>
        </test-method> <!-- launchUrl -->
        <test-method is-config="true" signature="orangeHRMLogin()[pri:0, instance:com.automationproject.testngsessions.OrangeHrmTest3@f5acb9d]" started-at="2022-10-31T20:33:19 IST" name="orangeHRMLogin" finished-at="2022-10-31T20:33:19 IST" duration-ms="308" status="PASS">
          <reporter-output>
          </reporter-output>
        </test-method> <!-- orangeHRMLogin -->
        <test-method signature="addEmployee(java.lang.String,java.lang.String,java.lang.String,java.lang.String)[pri:0, instance:com.automationproject.testngsessions.OrangeHrmTest3@f5acb9d]" started-at="2022-10-31T20:33:19 IST" name="addEmployee" data-provider="empdata" finished-at="2022-10-31T20:33:29 IST" duration-ms="10000" status="PASS">
          <params>
            <param index="0">
              <value>
                <![CDATA[Ram]]>
              </value>
            </param>
            <param index="1">
              <value>
                <![CDATA[charan]]>
              </value>
            </param>
            <param index="2">
              <value>
                <![CDATA[test]]>
              </value>
            </param>
            <param index="3">
              <value>
                <![CDATA[123.0]]>
              </value>
            </param>
          </params>
          <reporter-output>
          </reporter-output>
        </test-method> <!-- addEmployee -->
        <test-method is-config="true" signature="captureScreenshot(org.testng.ITestResult)[pri:0, instance:com.automationproject.testngsessions.OrangeHrmTest3@f5acb9d]" started-at="2022-10-31T20:33:29 IST" name="captureScreenshot" finished-at="2022-10-31T20:33:29 IST" duration-ms="1" status="PASS">
          <params>
            <param index="0">
              <value>
                <![CDATA[[TestResult name=addEmployee status=SUCCESS method=OrangeHrmTest3.addEmployee(java.lang.String,java.lang.String,java.lang.String,java.lang.String)[pri:0, instance:com.automationproject.testngsessions.OrangeHrmTest3@f5acb9d] output={null}]]]>
              </value>
            </param>
          </params>
          <reporter-output>
          </reporter-output>
        </test-method> <!-- captureScreenshot -->
        <test-method is-config="true" signature="logOff()[pri:0, instance:com.automationproject.testngsessions.OrangeHrmTest3@f5acb9d]" started-at="2022-10-31T20:33:29 IST" name="logOff" finished-at="2022-10-31T20:33:32 IST" duration-ms="2334" status="PASS">
          <reporter-output>
          </reporter-output>
        </test-method> <!-- logOff -->
        <test-method is-config="true" signature="orangeHRMLogin()[pri:0, instance:com.automationproject.testngsessions.OrangeHrmTest3@f5acb9d]" started-at="2022-10-31T20:33:32 IST" name="orangeHRMLogin" finished-at="2022-10-31T20:33:32 IST" duration-ms="195" status="PASS">
          <reporter-output>
          </reporter-output>
        </test-method> <!-- orangeHRMLogin -->
        <test-method signature="addEmployee(java.lang.String,java.lang.String,java.lang.String,java.lang.String)[pri:0, instance:com.automationproject.testngsessions.OrangeHrmTest3@f5acb9d]" started-at="2022-10-31T20:33:32 IST" name="addEmployee" data-provider="empdata" finished-at="2022-10-31T20:33:41 IST" duration-ms="8770" status="PASS">
          <params>
            <param index="0">
              <value>
                <![CDATA[Robert]]>
              </value>
            </param>
            <param index="1">
              <value>
                <![CDATA[rahim]]>
              </value>
            </param>
            <param index="2">
              <value>
                <![CDATA[tester]]>
              </value>
            </param>
            <param index="3">
              <value>
                <![CDATA[234.0]]>
              </value>
            </param>
          </params>
          <reporter-output>
          </reporter-output>
        </test-method> <!-- addEmployee -->
        <test-method is-config="true" signature="captureScreenshot(org.testng.ITestResult)[pri:0, instance:com.automationproject.testngsessions.OrangeHrmTest3@f5acb9d]" started-at="2022-10-31T20:33:41 IST" name="captureScreenshot" finished-at="2022-10-31T20:33:41 IST" duration-ms="1" status="PASS">
          <params>
            <param index="0">
              <value>
                <![CDATA[[TestResult name=addEmployee status=SUCCESS method=OrangeHrmTest3.addEmployee(java.lang.String,java.lang.String,java.lang.String,java.lang.String)[pri:0, instance:com.automationproject.testngsessions.OrangeHrmTest3@f5acb9d] output={null}]]]>
              </value>
            </param>
          </params>
          <reporter-output>
          </reporter-output>
        </test-method> <!-- captureScreenshot -->
        <test-method is-config="true" signature="logOff()[pri:0, instance:com.automationproject.testngsessions.OrangeHrmTest3@f5acb9d]" started-at="2022-10-31T20:33:41 IST" name="logOff" finished-at="2022-10-31T20:33:45 IST" duration-ms="4183" status="PASS">
          <reporter-output>
          </reporter-output>
        </test-method> <!-- logOff -->
        <test-method is-config="true" signature="orangeHRMLogin()[pri:0, instance:com.automationproject.testngsessions.OrangeHrmTest3@f5acb9d]" started-at="2022-10-31T20:33:45 IST" name="orangeHRMLogin" finished-at="2022-10-31T20:33:45 IST" duration-ms="183" status="PASS">
          <reporter-output>
          </reporter-output>
        </test-method> <!-- orangeHRMLogin -->
        <test-method signature="addEmployee(java.lang.String,java.lang.String,java.lang.String,java.lang.String)[pri:0, instance:com.automationproject.testngsessions.OrangeHrmTest3@f5acb9d]" started-at="2022-10-31T20:33:45 IST" name="addEmployee" data-provider="empdata" finished-at="2022-10-31T20:33:54 IST" duration-ms="9072" status="PASS">
          <params>
            <param index="0">
              <value>
                <![CDATA[Rahim]]>
              </value>
            </param>
            <param index="1">
              <value>
                <![CDATA[robert]]>
              </value>
            </param>
            <param index="2">
              <value>
                <![CDATA[testing]]>
              </value>
            </param>
            <param index="3">
              <value>
                <![CDATA[344.0]]>
              </value>
            </param>
          </params>
          <reporter-output>
          </reporter-output>
        </test-method> <!-- addEmployee -->
        <test-method is-config="true" signature="captureScreenshot(org.testng.ITestResult)[pri:0, instance:com.automationproject.testngsessions.OrangeHrmTest3@f5acb9d]" started-at="2022-10-31T20:33:54 IST" name="captureScreenshot" finished-at="2022-10-31T20:33:54 IST" duration-ms="0" status="PASS">
          <params>
            <param index="0">
              <value>
                <![CDATA[[TestResult name=addEmployee status=SUCCESS method=OrangeHrmTest3.addEmployee(java.lang.String,java.lang.String,java.lang.String,java.lang.String)[pri:0, instance:com.automationproject.testngsessions.OrangeHrmTest3@f5acb9d] output={null}]]]>
              </value>
            </param>
          </params>
          <reporter-output>
          </reporter-output>
        </test-method> <!-- captureScreenshot -->
        <test-method is-config="true" signature="logOff()[pri:0, instance:com.automationproject.testngsessions.OrangeHrmTest3@f5acb9d]" started-at="2022-10-31T20:33:54 IST" name="logOff" finished-at="2022-10-31T20:33:55 IST" duration-ms="1119" status="PASS">
          <reporter-output>
          </reporter-output>
        </test-method> <!-- logOff -->
        <test-method is-config="true" signature="orangeHRMLogin()[pri:0, instance:com.automationproject.testngsessions.OrangeHrmTest3@f5acb9d]" started-at="2022-10-31T20:33:55 IST" name="orangeHRMLogin" finished-at="2022-10-31T20:33:55 IST" duration-ms="204" status="PASS">
          <reporter-output>
          </reporter-output>
        </test-method> <!-- orangeHRMLogin -->
        <test-method signature="addEmployee(java.lang.String,java.lang.String,java.lang.String,java.lang.String)[pri:0, instance:com.automationproject.testngsessions.OrangeHrmTest3@f5acb9d]" started-at="2022-10-31T20:33:55 IST" name="addEmployee" data-provider="empdata" finished-at="2022-10-31T20:34:04 IST" duration-ms="8991" status="PASS">
          <params>
            <param index="0">
              <value>
                <![CDATA[Sham]]>
              </value>
            </param>
            <param index="1">
              <value>
                <![CDATA[ram]]>
              </value>
            </param>
            <param index="2">
              <value>
                <![CDATA[tested]]>
              </value>
            </param>
            <param index="3">
              <value>
                <![CDATA[456.0]]>
              </value>
            </param>
          </params>
          <reporter-output>
          </reporter-output>
        </test-method> <!-- addEmployee -->
        <test-method is-config="true" signature="captureScreenshot(org.testng.ITestResult)[pri:0, instance:com.automationproject.testngsessions.OrangeHrmTest3@f5acb9d]" started-at="2022-10-31T20:34:04 IST" name="captureScreenshot" finished-at="2022-10-31T20:34:04 IST" duration-ms="0" status="PASS">
          <params>
            <param index="0">
              <value>
                <![CDATA[[TestResult name=addEmployee status=SUCCESS method=OrangeHrmTest3.addEmployee(java.lang.String,java.lang.String,java.lang.String,java.lang.String)[pri:0, instance:com.automationproject.testngsessions.OrangeHrmTest3@f5acb9d] output={null}]]]>
              </value>
            </param>
          </params>
          <reporter-output>
          </reporter-output>
        </test-method> <!-- captureScreenshot -->
        <test-method is-config="true" signature="logOff()[pri:0, instance:com.automationproject.testngsessions.OrangeHrmTest3@f5acb9d]" started-at="2022-10-31T20:34:04 IST" name="logOff" finished-at="2022-10-31T20:34:05 IST" duration-ms="808" status="FAIL">
          <exception class="org.openqa.selenium.StaleElementReferenceException">
            <message>
              <![CDATA[stale element reference: element is not attached to the page document
  (Session info: chrome=107.0.5304.87)
For documentation on this error, please visit: http://seleniumhq.org/exceptions/stale_element_reference.html
Build info: version: '3.11.0', revision: 'e59cfb3', time: '2018-03-11T20:26:55.152Z'
System info: host: 'MADEM', ip: '192.168.29.232', os.name: 'Windows 10', os.arch: 'amd64', os.version: '10.0', java.version: '17.0.1'
Driver info: org.openqa.selenium.chrome.ChromeDriver
Capabilities {acceptInsecureCerts: false, browserName: chrome, browserVersion: 107.0.5304.87, chrome: {chromedriverVersion: 107.0.5304.62 (1eec40d3a576..., userDataDir: C:\Users\gurum\AppData\Loca...}, goog:chromeOptions: {debuggerAddress: localhost:63100}, javascriptEnabled: true, networkConnectionEnabled: false, pageLoadStrategy: normal, platform: WINDOWS, platformName: WINDOWS, proxy: Proxy(), setWindowRect: true, strictFileInteractability: false, timeouts: {implicit: 0, pageLoad: 300000, script: 30000}, unhandledPromptBehavior: dismiss and notify, webauthn:extension:credBlob: true, webauthn:extension:largeBlob: true, webauthn:virtualAuthenticators: true}
Session ID: 25ed7479f99d9f2441f2528089bd5de6]]>
            </message>
            <full-stacktrace>
              <![CDATA[org.openqa.selenium.StaleElementReferenceException: stale element reference: element is not attached to the page document
  (Session info: chrome=107.0.5304.87)
For documentation on this error, please visit: http://seleniumhq.org/exceptions/stale_element_reference.html
Build info: version: '3.11.0', revision: 'e59cfb3', time: '2018-03-11T20:26:55.152Z'
System info: host: 'MADEM', ip: '192.168.29.232', os.name: 'Windows 10', os.arch: 'amd64', os.version: '10.0', java.version: '17.0.1'
Driver info: org.openqa.selenium.chrome.ChromeDriver
Capabilities {acceptInsecureCerts: false, browserName: chrome, browserVersion: 107.0.5304.87, chrome: {chromedriverVersion: 107.0.5304.62 (1eec40d3a576..., userDataDir: C:\Users\gurum\AppData\Loca...}, goog:chromeOptions: {debuggerAddress: localhost:63100}, javascriptEnabled: true, networkConnectionEnabled: false, pageLoadStrategy: normal, platform: WINDOWS, platformName: WINDOWS, proxy: Proxy(), setWindowRect: true, strictFileInteractability: false, timeouts: {implicit: 0, pageLoad: 300000, script: 30000}, unhandledPromptBehavior: dismiss and notify, webauthn:extension:credBlob: true, webauthn:extension:largeBlob: true, webauthn:virtualAuthenticators: true}
Session ID: 25ed7479f99d9f2441f2528089bd5de6
at java.base/jdk.internal.reflect.NativeConstructorAccessorImpl.newInstance0(Native Method)
at java.base/jdk.internal.reflect.NativeConstructorAccessorImpl.newInstance(NativeConstructorAccessorImpl.java:77)
at java.base/jdk.internal.reflect.DelegatingConstructorAccessorImpl.newInstance(DelegatingConstructorAccessorImpl.java:45)
at java.base/java.lang.reflect.Constructor.newInstanceWithCaller(Constructor.java:499)
at java.base/java.lang.reflect.Constructor.newInstance(Constructor.java:480)
at org.openqa.selenium.remote.http.W3CHttpResponseCodec.createException(W3CHttpResponseCodec.java:187)
at org.openqa.selenium.remote.http.W3CHttpResponseCodec.decode(W3CHttpResponseCodec.java:122)
at org.openqa.selenium.remote.http.W3CHttpResponseCodec.decode(W3CHttpResponseCodec.java:49)
at org.openqa.selenium.remote.HttpCommandExecutor.execute(HttpCommandExecutor.java:158)
at org.openqa.selenium.remote.service.DriverCommandExecutor.execute(DriverCommandExecutor.java:83)
at org.openqa.selenium.remote.RemoteWebDriver.execute(RemoteWebDriver.java:545)
at org.openqa.selenium.remote.RemoteWebElement.execute(RemoteWebElement.java:279)
at org.openqa.selenium.remote.RemoteWebElement.click(RemoteWebElement.java:83)
at com.automationproject.testngsessions.OrangeHrmTest3.logOff(OrangeHrmTest3.java:152)
at java.base/jdk.internal.reflect.NativeMethodAccessorImpl.invoke0(Native Method)
at java.base/jdk.internal.reflect.NativeMethodAccessorImpl.invoke(NativeMethodAccessorImpl.java:77)
at java.base/jdk.internal.reflect.DelegatingMethodAccessorImpl.invoke(DelegatingMethodAccessorImpl.java:43)
at java.base/java.lang.reflect.Method.invoke(Method.java:568)
at org.testng.internal.MethodInvocationHelper.invokeMethod(MethodInvocationHelper.java:133)
at org.testng.internal.MethodInvocationHelper.invokeMethodConsideringTimeout(MethodInvocationHelper.java:62)
at org.testng.internal.ConfigInvoker.invokeConfigurationMethod(ConfigInvoker.java:385)
at org.testng.internal.ConfigInvoker.invokeConfigurations(ConfigInvoker.java:321)
at org.testng.internal.TestInvoker.runConfigMethods(TestInvoker.java:700)
at org.testng.internal.TestInvoker.runAfterGroupsConfigurations(TestInvoker.java:676)
at org.testng.internal.TestInvoker.invokeMethod(TestInvoker.java:660)
at org.testng.internal.TestInvoker.invokeTestMethod(TestInvoker.java:173)
at org.testng.internal.MethodRunner.runInSequence(MethodRunner.java:46)
at org.testng.internal.TestInvoker$MethodInvocationAgent.invoke(TestInvoker.java:824)
at org.testng.internal.TestInvoker.invokeTestMethods(TestInvoker.java:146)
at org.testng.internal.TestMethodWorker.invokeTestMethods(TestMethodWorker.java:146)
at org.testng.internal.TestMethodWorker.run(TestMethodWorker.java:128)
at java.base/java.util.ArrayList.forEach(ArrayList.java:1511)
at org.testng.TestRunner.privateRun(TestRunner.java:794)
at org.testng.TestRunner.run(TestRunner.java:596)
at org.testng.SuiteRunner.runTest(SuiteRunner.java:377)
at org.testng.SuiteRunner.runSequentially(SuiteRunner.java:371)
at org.testng.SuiteRunner.privateRun(SuiteRunner.java:332)
at org.testng.SuiteRunner.run(SuiteRunner.java:276)
at org.testng.SuiteRunnerWorker.runSuite(SuiteRunnerWorker.java:53)
at org.testng.SuiteRunnerWorker.run(SuiteRunnerWorker.java:96)
at org.testng.TestNG.runSuitesSequentially(TestNG.java:1212)
at org.testng.TestNG.runSuitesLocally(TestNG.java:1134)
at org.testng.TestNG.runSuites(TestNG.java:1063)
at org.testng.TestNG.run(TestNG.java:1031)
at org.testng.remote.AbstractRemoteTestNG.run(AbstractRemoteTestNG.java:115)
at org.testng.remote.RemoteTestNG.initAndRun(RemoteTestNG.java:251)
at org.testng.remote.RemoteTestNG.main(RemoteTestNG.java:77)
]]>
            </full-stacktrace>
          </exception> <!-- org.openqa.selenium.StaleElementReferenceException -->
          <reporter-output>
          </reporter-output>
        </test-method> <!-- logOff -->
        <test-method is-config="true" signature="tearDown()[pri:0, instance:com.automationproject.testngsessions.OrangeHrmTest3@f5acb9d]" started-at="2022-10-31T20:34:05 IST" name="tearDown" finished-at="1970-01-01T05:30:00 IST" duration-ms="-1667228645640" status="SKIP">
          <reporter-output>
          </reporter-output>
        </test-method> <!-- tearDown -->
      </class> <!-- com.automationproject.testngsessions.OrangeHrmTest3 -->
    </test> <!-- Default test -->
  </suite> <!-- Default suite -->
</testng-results>
